c:\users\mollet.clarence\source\repos\c++ - raytracing\c++ - raytracing\x64\debug\vc143.pdb
c:\users\mollet.clarence\source\repos\c++ - raytracing\c++ - raytracing\x64\debug\vc143.idb
c:\users\mollet.clarence\source\repos\c++ - raytracing\c++ - raytracing\x64\debug\sphere.obj
c:\users\mollet.clarence\source\repos\c++ - raytracing\c++ - raytracing\x64\debug\metalmaterial.obj
c:\users\mollet.clarence\source\repos\c++ - raytracing\c++ - raytracing\x64\debug\main.obj
c:\users\mollet.clarence\source\repos\c++ - raytracing\c++ - raytracing\x64\debug\lambertianmaterial.obj
c:\users\mollet.clarence\source\repos\c++ - raytracing\c++ - raytracing\x64\debug\hittablecollection.obj
c:\users\mollet.clarence\source\repos\c++ - raytracing\c++ - raytracing\x64\debug\dialectricmaterial.obj
c:\users\mollet.clarence\source\repos\c++ - raytracing\c++ - raytracing\x64\debug\camera.obj
c:\users\mollet.clarence\source\repos\c++ - raytracing\c++ - raytracing\x64\debug\bismuthmaterial.obj
c:\users\mollet.clarence\source\repos\c++ - raytracing\x64\debug\cpp-raytracing.exe
c:\users\mollet.clarence\source\repos\c++ - raytracing\c++ - raytracing\x64\debug\cpp-raytracing.ilk
c:\users\mollet.clarence\source\repos\c++ - raytracing\x64\debug\cpp-raytracing.pdb
c:\users\mollet.clarence\source\repos\c++ - raytracing\c++ - raytracing\x64\debug\cpp-raytracing.tlog\cl.command.1.tlog
c:\users\mollet.clarence\source\repos\c++ - raytracing\c++ - raytracing\x64\debug\cpp-raytracing.tlog\cl.items.tlog
c:\users\mollet.clarence\source\repos\c++ - raytracing\c++ - raytracing\x64\debug\cpp-raytracing.tlog\cl.read.1.tlog
c:\users\mollet.clarence\source\repos\c++ - raytracing\c++ - raytracing\x64\debug\cpp-raytracing.tlog\cl.write.1.tlog
c:\users\mollet.clarence\source\repos\c++ - raytracing\c++ - raytracing\x64\debug\cpp-raytracing.tlog\link.command.1.tlog
c:\users\mollet.clarence\source\repos\c++ - raytracing\c++ - raytracing\x64\debug\cpp-raytracing.tlog\link.read.1.tlog
c:\users\mollet.clarence\source\repos\c++ - raytracing\c++ - raytracing\x64\debug\cpp-raytracing.tlog\link.write.1.tlog
